[0m2021.12.20 21:45:47 INFO  Started: Metals version 0.10.9 in workspace '/home/han/LNSparkCh4' for client Visual Studio Code 1.63.2.[0m
[0m2021.12.20 21:45:47 INFO  time: initialize in 0.3s[0m
[0m2021.12.20 21:45:48 WARN  Build server is not auto-connectable.[0m
[0m2021.12.20 21:45:48 WARN  no build target for: /home/han/LNSparkCh4/build.sbt[0m
[0m2021.12.20 21:45:49 INFO  no build target: using presentation compiler with only scala-library: 3.1.0[0m
[0m2021.12.20 21:45:50 INFO  running '/usr/lib/jvm/java-8-openjdk-amd64/bin/java -Djline.terminal=jline.UnsupportedTerminal -Dsbt.log.noformat=true -Dfile.encoding=UTF-8 -Dsbt.version=1.5.4 -jar /tmp/metals7176680095435785339/sbt-launch.jar -Dbloop.export-jar-classifiers=sources bloopInstall'[0m
[0m2021.12.20 21:45:50 WARN  no build target for: /home/han/LNSparkCh4/project/metals.sbt[0m
[0m2021.12.20 21:45:50 WARN  no build target for: /home/han/LNSparkCh4/project/project/metals.sbt[0m
[0m2021.12.20 21:45:50 INFO  skipping build import with status 'Started'[0m
[0m2021.12.20 21:45:50 INFO  time: code lens generation in 2.13s[0m
[0m2021.12.20 21:45:51 INFO  [info] Updated file /home/han/LNSparkCh4/project/build.properties: set sbt.version to 1.5.4[0m
[0m2021.12.20 21:45:51 INFO  [info] welcome to sbt 1.5.4 (Private Build Java 1.8.0_312)[0m
[0m2021.12.20 21:45:52 INFO  [info] loading settings for project lnsparkch4-build-build from metals.sbt ...[0m
[0m2021.12.20 21:45:52 INFO  [info] loading project definition from /home/han/LNSparkCh4/project/project[0m
[0m2021.12.20 21:45:54 INFO  [info] loading settings for project lnsparkch4-build from metals.sbt ...[0m
[0m2021.12.20 21:45:54 INFO  [info] loading project definition from /home/han/LNSparkCh4/project[0m
[0m2021.12.20 21:45:55 INFO  running '/usr/lib/jvm/java-8-openjdk-amd64/bin/java -Djline.terminal=jline.UnsupportedTerminal -Dsbt.log.noformat=true -Dfile.encoding=UTF-8 -jar /tmp/metals3059489955885950178/sbt-launch.jar -Dbloop.export-jar-classifiers=sources bloopInstall'[0m
[0m2021.12.20 21:45:55 INFO  [success] Generated .bloop/lnsparkch4-build.json[0m
[0m2021.12.20 21:45:55 INFO  [success] Total time: 1 s, completed Dec 20, 2021 9:45:55 PM[0m
[0m2021.12.20 21:45:57 INFO  [info] welcome to sbt 1.5.4 (Private Build Java 1.8.0_312)[0m
[0m2021.12.20 21:45:57 INFO  [info] loading settings for project lnsparkch4 from build.sbt ...[0m
[0m2021.12.20 21:45:57 INFO  [info] set current project to LNSparkCaseClassEx (in build file:/home/han/LNSparkCh4/)[0m
[0m2021.12.20 21:45:58 INFO  [info] loading settings for project lnsparkch4-build-build from metals.sbt ...[0m
[0m2021.12.20 21:45:58 INFO  [info] loading project definition from /home/han/LNSparkCh4/project/project[0m
[0m2021.12.20 21:45:59 INFO  [info] loading settings for project lnsparkch4-build from metals.sbt ...[0m
[0m2021.12.20 21:45:59 INFO  [info] loading project definition from /home/han/LNSparkCh4/project[0m
[0m2021.12.20 21:46:01 INFO  [success] Generated .bloop/lnsparkch4-build.json[0m
[0m2021.12.20 21:46:01 INFO  [success] Generated .bloop/lnsparkch4-test.json[0m
[0m2021.12.20 21:46:01 INFO  [success] Generated .bloop/lnsparkch4.json[0m
[0m2021.12.20 21:46:01 INFO  [success] Total time: 2 s, completed Dec 20, 2021 9:46:01 PM[0m
[0m2021.12.20 21:46:01 INFO  [success] Total time: 4 s, completed Dec 20, 2021 9:46:01 PM[0m
[0m2021.12.20 21:46:01 INFO  [info] loading settings for project lnsparkch4 from build.sbt ...[0m
[0m2021.12.20 21:46:01 INFO  [info] set current project to LNSparkCaseClassEx (in build file:/home/han/LNSparkCh4/)[0m
[0m2021.12.20 21:46:02 INFO  time: ran 'sbt bloopInstall' in 12s[0m
[0m2021.12.20 21:46:02 INFO  Attempting to connect to the build server...[0m
Starting the bsp launcher for bloop...
Opening a bsp server connection with 'bsp --protocol local --socket /tmp/bsp-launcher4615934634255869560/bsp.socket'...
Waiting for the bsp connection to come up...
[0m[32m[D][0m Loading 2 projects from '/home/han/LNSparkCh4/.bloop'...
[0m[32m[D][0m Loading project from '/home/han/LNSparkCh4/.bloop/lnsparkch4-test.json'
[0m[32m[D][0m Loading project from '/home/han/LNSparkCh4/.bloop/lnsparkch4.json'
[0m[32m[D][0m Missing analysis file for project 'lnsparkch4'
[0m[32m[D][0m Missing analysis file for project 'lnsparkch4-test'
[0m[32m[D][0m Waiting for a connection at local:///tmp/bsp-launcher4615934634255869560/bsp.socket...
The server is listening for incoming connections at local:///tmp/bsp-launcher4615934634255869560/bsp.socket...
Starting thread that pumps stdin and redirects it to the bsp server...
Starting thread that pumps server stdout and redirects it to the client stdout...
[0m2021.12.20 21:46:02 INFO  tracing is disabled for protocol BSP, to enable tracing of incoming and outgoing JSON messages create an empty file at /home/han/.cache/metals/bsp.trace.json[0m
[0m2021.12.20 21:46:02 INFO  Attempting to connect to the build server...[0m
Starting the bsp launcher for bloop...
Opening a bsp server connection with 'bsp --protocol local --socket /tmp/bsp-launcher1237586541717664358/bsp.socket'...
Waiting for the bsp connection to come up...
[0m[32m[D][0m Loading workspace settings from bloop.settings.json
[0m[32m[D][0m Waiting for a connection at local:///tmp/bsp-launcher1237586541717664358/bsp.socket...
The server is listening for incoming connections at local:///tmp/bsp-launcher1237586541717664358/bsp.socket...
Starting thread that pumps stdin and redirects it to the bsp server...
Starting thread that pumps server stdout and redirects it to the client stdout...
[0m2021.12.20 21:46:02 INFO  tracing is disabled for protocol BSP, to enable tracing of incoming and outgoing JSON messages create an empty file at /home/han/.cache/metals/bsp.trace.json[0m
[0m2021.12.20 21:46:02 INFO  time: Connected to build server in 0.36s[0m
[0m2021.12.20 21:46:02 INFO  Connected to Build server: Bloop v1.4.11[0m
[0m2021.12.20 21:46:03 WARN  Could not find java sources in None. Java symbols will not be available.[0m
[0m2021.12.20 21:46:03 INFO  [success] Generated .bloop/lnsparkch4-test.json[0m
[0m2021.12.20 21:46:03 INFO  [success] Generated .bloop/lnsparkch4.json[0m
[0m2021.12.20 21:46:03 INFO  [success] Total time: 1 s, completed Dec 20, 2021 9:46:03 PM[0m
[0m2021.12.20 21:46:03 INFO  time: ran 'sbt bloopInstall' in 8.13s[0m
[0m2021.12.20 21:46:03 INFO  Disconnecting from Bloop session...[0m
[0m2021.12.20 21:46:03 INFO  Shut down connection with build server.[0m
No more data in the server stdin, exiting...
No more data in the server stdin, exiting...
[0m2021.12.20 21:46:03 INFO  Shut down connection with build server.[0m
No more data in the client stdin, exiting...
No more data in the server stdin, exiting...
No more data in the server stdin, exiting...
No more data in the client stdin, exiting...
[0m2021.12.20 21:46:03 INFO  Attempting to connect to the build server...[0m
Starting the bsp launcher for bloop...
Opening a bsp server connection with 'bsp --protocol local --socket /tmp/bsp-launcher8265942015955246503/bsp.socket'...
Waiting for the bsp connection to come up...
[0m[32m[D][0m Loading workspace settings from bloop.settings.json
[0m[32m[D][0m Waiting for a connection at local:///tmp/bsp-launcher8265942015955246503/bsp.socket...
The server is listening for incoming connections at local:///tmp/bsp-launcher8265942015955246503/bsp.socket...
Starting thread that pumps stdin and redirects it to the bsp server...
Starting thread that pumps server stdout and redirects it to the client stdout...
[0m2021.12.20 21:46:03 INFO  tracing is disabled for protocol BSP, to enable tracing of incoming and outgoing JSON messages create an empty file at /home/han/.cache/metals/bsp.trace.json[0m
[0m2021.12.20 21:46:03 INFO  Attempting to connect to the build server...[0m
Starting the bsp launcher for bloop...
Opening a bsp server connection with 'bsp --protocol local --socket /tmp/bsp-launcher5488176666772828956/bsp.socket'...
Waiting for the bsp connection to come up...
[0m[32m[D][0m Loading workspace settings from bloop.settings.json
[0m[32m[D][0m Waiting for a connection at local:///tmp/bsp-launcher5488176666772828956/bsp.socket...
The server is listening for incoming connections at local:///tmp/bsp-launcher5488176666772828956/bsp.socket...
Starting thread that pumps stdin and redirects it to the bsp server...
Starting thread that pumps server stdout and redirects it to the client stdout...
[0m2021.12.20 21:46:04 INFO  tracing is disabled for protocol BSP, to enable tracing of incoming and outgoing JSON messages create an empty file at /home/han/.cache/metals/bsp.trace.json[0m
[0m2021.12.20 21:46:04 INFO  time: Connected to build server in 0.16s[0m
[0m2021.12.20 21:46:04 INFO  Connected to Build server: Bloop v1.4.11[0m
[0m2021.12.20 21:46:05 WARN  Could not find java sources in None. Java symbols will not be available.[0m
[0m2021.12.20 21:46:05 INFO  time: indexed workspace in 1.35s[0m
[0m2021.12.20 21:46:05 INFO  time: indexed workspace in 3.12s[0m
[0m2021.12.20 21:46:05 INFO  no build target: using presentation compiler with only scala-library: 2.12.14[0m
[0m2021.12.20 21:46:08 INFO  time: code lens generation in 1.76s[0m
[0m2021.12.20 21:46:08 INFO  time: code lens generation in 2.58s[0m
error: /home/han/LNSparkCh4/.metals/.tmp/.metals/.tmp/Main6894382420157172475.scala is not a file
[0m2021.12.20 21:46:23 INFO  running '/usr/lib/jvm/java-8-openjdk-amd64/bin/java -Djline.terminal=jline.UnsupportedTerminal -Dsbt.log.noformat=true -Dfile.encoding=UTF-8 -jar /tmp/metals4661514293925039154/sbt-launch.jar -Dbloop.export-jar-classifiers=sources bloopInstall'[0m
[0m2021.12.20 21:46:24 INFO  [info] welcome to sbt 1.5.4 (Private Build Java 1.8.0_312)[0m
[0m2021.12.20 21:46:24 INFO  [info] loading settings for project lnsparkch4-build-build from metals.sbt ...[0m
[0m2021.12.20 21:46:25 INFO  [info] loading project definition from /home/han/LNSparkCh4/project/project[0m
[0m2021.12.20 21:46:25 INFO  [info] loading settings for project lnsparkch4-build from metals.sbt ...[0m
[0m2021.12.20 21:46:25 INFO  [info] loading project definition from /home/han/LNSparkCh4/project[0m
[0m2021.12.20 21:46:27 INFO  [success] Generated .bloop/lnsparkch4-build.json[0m
[0m2021.12.20 21:46:27 INFO  [success] Total time: 1 s, completed Dec 20, 2021 9:46:27 PM[0m
[0m2021.12.20 21:46:28 INFO  [info] loading settings for project lnsparkch4 from build.sbt ...[0m
[0m2021.12.20 21:46:28 INFO  [info] set current project to LNSparkCh4 (in build file:/home/han/LNSparkCh4/)[0m
[0m2021.12.20 21:46:32 INFO  [success] Generated .bloop/lnsparkch4.json[0m
[0m2021.12.20 21:46:32 INFO  [success] Generated .bloop/lnsparkch4-test.json[0m
[0m2021.12.20 21:46:32 INFO  [success] Total time: 4 s, completed Dec 20, 2021 9:46:32 PM[0m
[0m2021.12.20 21:46:33 INFO  time: ran 'sbt bloopInstall' in 10s[0m
[0m2021.12.20 21:46:33 INFO  Disconnecting from Bloop session...[0m
No more data in the server stdin, exiting...
No more data in the server stdin, exiting...
No more data in the server stdin, exiting...
No more data in the server stdin, exiting...
[0m2021.12.20 21:46:33 INFO  Shut down connection with build server.[0m
[0m2021.12.20 21:46:33 INFO  Shut down connection with build server.[0m
No more data in the client stdin, exiting...
No more data in the client stdin, exiting...
[0m2021.12.20 21:46:33 INFO  Attempting to connect to the build server...[0m
Starting the bsp launcher for bloop...
Opening a bsp server connection with 'bsp --protocol local --socket /tmp/bsp-launcher9033572819741217327/bsp.socket'...
Waiting for the bsp connection to come up...
[0m[32m[D][0m Loading workspace settings from bloop.settings.json
[0m[32m[D][0m Waiting for a connection at local:///tmp/bsp-launcher9033572819741217327/bsp.socket...
The server is listening for incoming connections at local:///tmp/bsp-launcher9033572819741217327/bsp.socket...
Starting thread that pumps stdin and redirects it to the bsp server...
Starting thread that pumps server stdout and redirects it to the client stdout...
[0m2021.12.20 21:46:33 INFO  tracing is disabled for protocol BSP, to enable tracing of incoming and outgoing JSON messages create an empty file at /home/han/.cache/metals/bsp.trace.json[0m
[0m2021.12.20 21:46:33 INFO  Attempting to connect to the build server...[0m
Starting the bsp launcher for bloop...
Opening a bsp server connection with 'bsp --protocol local --socket /tmp/bsp-launcher4600066364142521960/bsp.socket'...
Waiting for the bsp connection to come up...
[0m[32m[D][0m Loading workspace settings from bloop.settings.json
[0m[32m[D][0m Waiting for a connection at local:///tmp/bsp-launcher4600066364142521960/bsp.socket...
The server is listening for incoming connections at local:///tmp/bsp-launcher4600066364142521960/bsp.socket...
Starting thread that pumps stdin and redirects it to the bsp server...
Starting thread that pumps server stdout and redirects it to the client stdout...
[0m2021.12.20 21:46:33 INFO  tracing is disabled for protocol BSP, to enable tracing of incoming and outgoing JSON messages create an empty file at /home/han/.cache/metals/bsp.trace.json[0m
[0m2021.12.20 21:46:33 INFO  time: Connected to build server in 0.15s[0m
[0m2021.12.20 21:46:33 INFO  Connected to Build server: Bloop v1.4.11[0m
[0m2021.12.20 21:46:34 WARN  Could not find java sources in None. Java symbols will not be available.[0m
[0m2021.12.20 21:46:34 INFO  time: indexed workspace in 0.89s[0m
[0m2021.12.20 21:46:34 INFO  no build target: using presentation compiler with only scala-library: 2.12.14[0m
[0m2021.12.20 21:53:20 WARN  no build target for: /home/han/LNSparkCh4/flightdelay.scala[0m
[0m2021.12.20 21:53:24 INFO  compiling lnsparkch4 (1 scala source)[0m
[0m2021.12.20 21:53:24 INFO  time: compiled lnsparkch4 in 0.63s[0m
[0m2021.12.20 21:54:16 INFO  compiling lnsparkch4 (1 scala source)[0m
[0m2021.12.20 21:54:16 INFO  time: compiled lnsparkch4 in 0.76s[0m
Dec 20, 2021 9:54:23 PM org.eclipse.lsp4j.jsonrpc.RemoteEndpoint handleCancellation
WARNING: Unmatched cancel notification for request id 86
Dec 20, 2021 9:54:30 PM org.eclipse.lsp4j.jsonrpc.RemoteEndpoint handleCancellation
WARNING: Unmatched cancel notification for request id 118
Dec 20, 2021 9:54:30 PM org.eclipse.lsp4j.jsonrpc.RemoteEndpoint handleCancellation
WARNING: Unmatched cancel notification for request id 120
Dec 20, 2021 9:54:30 PM org.eclipse.lsp4j.jsonrpc.RemoteEndpoint handleCancellation
WARNING: Unmatched cancel notification for request id 117
[0m2021.12.20 21:54:34 INFO  compiling lnsparkch4 (1 scala source)[0m
[0m2021.12.20 21:54:34 INFO  time: compiled lnsparkch4 in 0.41s[0m
Dec 20, 2021 9:55:23 PM org.eclipse.lsp4j.jsonrpc.RemoteEndpoint handleCancellation
WARNING: Unmatched cancel notification for request id 449
Dec 20, 2021 9:55:23 PM org.eclipse.lsp4j.jsonrpc.RemoteEndpoint handleCancellation
WARNING: Unmatched cancel notification for request id 451
Dec 20, 2021 9:55:23 PM org.eclipse.lsp4j.jsonrpc.RemoteEndpoint handleCancellation
WARNING: Unmatched cancel notification for request id 448
Exception in thread "pool-8-thread-1" java.lang.Error: java.lang.InterruptedException
	at java.util.concurrent.ThreadPoolExecutor.runWorker(ThreadPoolExecutor.java:1155)
	at java.util.concurrent.ThreadPoolExecutor$Worker.run(ThreadPoolExecutor.java:624)
	at java.lang.Thread.run(Thread.java:748)
Caused by: java.lang.InterruptedException
	at scala.meta.internal.metals.FutureCancelToken.checkCanceled(FutureCancelToken.scala:29)
	at scala.meta.internal.pc.CompilerAccess.$anonfun$onCompilerJobQueue$1(CompilerAccess.scala:195)
	at scala.meta.internal.pc.CompilerJobQueue$Job.run(CompilerJobQueue.scala:139)
	at java.util.concurrent.ThreadPoolExecutor.runWorker(ThreadPoolExecutor.java:1149)
	... 2 more
Dec 20, 2021 9:55:34 PM org.eclipse.lsp4j.jsonrpc.RemoteEndpoint handleCancellation
WARNING: Unmatched cancel notification for request id 510
Dec 20, 2021 9:55:34 PM org.eclipse.lsp4j.jsonrpc.RemoteEndpoint handleCancellation
WARNING: Unmatched cancel notification for request id 511
Dec 20, 2021 9:55:34 PM org.eclipse.lsp4j.jsonrpc.RemoteEndpoint handleCancellation
WARNING: Unmatched cancel notification for request id 518
[0m2021.12.20 21:55:34 INFO  compiling lnsparkch4 (1 scala source)[0m
[0m2021.12.20 21:55:34 INFO  time: compiled lnsparkch4 in 0.44s[0m
[0m2021.12.20 21:55:50 INFO  compiling lnsparkch4 (1 scala source)[0m
[0m2021.12.20 21:55:50 INFO  time: compiled lnsparkch4 in 0.47s[0m
Dec 20, 2021 9:56:56 PM org.eclipse.lsp4j.jsonrpc.RemoteEndpoint handleCancellation
WARNING: Unmatched cancel notification for request id 859
[0m2021.12.20 21:58:32 INFO  compiling lnsparkch4 (1 scala source)[0m
[0m2021.12.20 21:58:32 INFO  time: compiled lnsparkch4 in 0.47s[0m
[0m2021.12.20 21:59:02 INFO  compiling lnsparkch4 (1 scala source)[0m
[0m2021.12.20 21:59:02 INFO  time: compiled lnsparkch4 in 0.52s[0m
[0m2021.12.20 21:59:31 INFO  compiling lnsparkch4 (1 scala source)[0m
[0m2021.12.20 21:59:31 INFO  time: compiled lnsparkch4 in 0.49s[0m
[0m2021.12.20 22:00:49 INFO  compiling lnsparkch4 (1 scala source)[0m
[0m2021.12.20 22:00:49 INFO  time: compiled lnsparkch4 in 0.41s[0m
[0m2021.12.20 22:02:07 INFO  compiling lnsparkch4 (1 scala source)[0m
[0m2021.12.20 22:02:07 INFO  time: compiled lnsparkch4 in 0.14s[0m
Dec 20, 2021 10:02:18 PM org.eclipse.lsp4j.jsonrpc.RemoteEndpoint handleCancellation
WARNING: Unmatched cancel notification for request id 1548
Dec 20, 2021 10:03:03 PM org.eclipse.lsp4j.jsonrpc.RemoteEndpoint handleCancellation
WARNING: Unmatched cancel notification for request id 1772
Dec 20, 2021 10:03:03 PM org.eclipse.lsp4j.jsonrpc.RemoteEndpoint handleCancellation
WARNING: Unmatched cancel notification for request id 1774
[0m2021.12.20 22:03:20 INFO  compiling lnsparkch4 (1 scala source)[0m
[0m2021.12.20 22:03:20 INFO  time: compiled lnsparkch4 in 0.45s[0m
[0m2021.12.20 22:03:40 INFO  compiling lnsparkch4 (1 scala source)[0m
[0m2021.12.20 22:03:40 INFO  time: compiled lnsparkch4 in 0.11s[0m
[0m2021.12.20 22:03:52 INFO  compiling lnsparkch4 (1 scala source)[0m
[0m2021.12.20 22:03:52 INFO  time: compiled lnsparkch4 in 0.6s[0m
[0m2021.12.20 22:05:14 INFO  compiling lnsparkch4 (1 scala source)[0m
[0m2021.12.20 22:05:14 INFO  time: compiled lnsparkch4 in 0.13s[0m
[0m2021.12.20 22:05:26 INFO  compiling lnsparkch4 (1 scala source)[0m
[0m2021.12.20 22:05:26 INFO  time: compiled lnsparkch4 in 0.13s[0m
[0m2021.12.20 22:05:28 INFO  compiling lnsparkch4 (1 scala source)[0m
[0m2021.12.20 22:05:28 INFO  time: compiled lnsparkch4 in 0.57s[0m
Dec 20, 2021 10:06:11 PM org.eclipse.lsp4j.jsonrpc.RemoteEndpoint handleCancellation
WARNING: Unmatched cancel notification for request id 2339
Dec 20, 2021 10:06:14 PM org.eclipse.lsp4j.jsonrpc.RemoteEndpoint handleCancellation
WARNING: Unmatched cancel notification for request id 2359
[0m2021.12.20 22:06:34 INFO  compiling lnsparkch4 (1 scala source)[0m
[0m2021.12.20 22:06:34 INFO  time: compiled lnsparkch4 in 0.14s[0m
[0m2021.12.20 22:06:53 INFO  compiling lnsparkch4 (1 scala source)[0m
[0m2021.12.20 22:06:53 INFO  time: compiled lnsparkch4 in 0.16s[0m
[0m2021.12.20 22:07:09 INFO  compiling lnsparkch4 (1 scala source)[0m
[0m2021.12.20 22:07:09 INFO  time: compiled lnsparkch4 in 0.55s[0m
[0m2021.12.20 22:08:21 INFO  compiling lnsparkch4 (1 scala source)[0m
[0m2021.12.20 22:08:21 INFO  time: compiled lnsparkch4 in 0.57s[0m
[0m2021.12.20 22:08:45 INFO  compiling lnsparkch4 (1 scala source)[0m
[0m2021.12.20 22:08:45 INFO  time: compiled lnsparkch4 in 0.54s[0m
Dec 20, 2021 10:08:47 PM org.eclipse.lsp4j.jsonrpc.RemoteEndpoint handleCancellation
WARNING: Unmatched cancel notification for request id 2683
[0m2021.12.20 22:08:49 INFO  compiling lnsparkch4 (1 scala source)[0m
[0m2021.12.20 22:08:49 INFO  time: compiled lnsparkch4 in 0.54s[0m
[0m2021.12.20 22:09:23 INFO  compiling lnsparkch4 (1 scala source)[0m
[0m2021.12.20 22:09:23 INFO  time: compiled lnsparkch4 in 0.46s[0m
[0m2021.12.20 22:10:27 INFO  compiling lnsparkch4 (1 scala source)[0m
[0m2021.12.20 22:10:27 INFO  time: compiled lnsparkch4 in 0.58s[0m
[0m2021.12.20 22:11:12 INFO  compiling lnsparkch4 (1 scala source)[0m
[0m2021.12.20 22:11:12 INFO  time: compiled lnsparkch4 in 0.58s[0m
[0m2021.12.20 22:11:30 INFO  compiling lnsparkch4 (1 scala source)[0m
[0m2021.12.20 22:11:30 INFO  time: compiled lnsparkch4 in 0.13s[0m
Dec 20, 2021 10:11:35 PM org.eclipse.lsp4j.jsonrpc.RemoteEndpoint handleCancellation
WARNING: Unmatched cancel notification for request id 2969
[0m2021.12.20 22:11:42 INFO  compiling lnsparkch4 (1 scala source)[0m
[0m2021.12.20 22:11:42 INFO  time: compiled lnsparkch4 in 0.14s[0m
[0m2021.12.20 22:11:43 INFO  compiling lnsparkch4 (1 scala source)[0m
[0m2021.12.20 22:11:43 INFO  time: compiled lnsparkch4 in 0.6s[0m
[0m2021.12.20 22:13:06 INFO  compiling lnsparkch4 (1 scala source)[0m
[0m2021.12.20 22:13:06 INFO  time: compiled lnsparkch4 in 0.58s[0m
[0m2021.12.20 22:13:29 INFO  shutting down Metals[0m
[0m2021.12.20 22:13:29 INFO  Shut down connection with build server.[0m
[0m2021.12.20 22:13:29 INFO  Shut down connection with build server.[0m
No more data in the client stdin, exiting...
No more data in the server stdin, exiting...
No more data in the server stdin, exiting...
No more data in the client stdin, exiting...
No more data in the server stdin, exiting...
No more data in the server stdin, exiting...
[0m2021.12.20 22:15:21 INFO  Started: Metals version 0.10.9 in workspace '/home/han/LNSparkCh4' for client Visual Studio Code 1.63.2.[0m
[0m2021.12.20 22:15:21 INFO  time: initialize in 0.43s[0m
[0m2021.12.20 22:15:22 INFO  Attempting to connect to the build server...[0m
Starting the bsp launcher for bloop...
Opening a bsp server connection with 'bsp --protocol local --socket /tmp/bsp-launcher2651513679148453016/bsp.socket'...
Waiting for the bsp connection to come up...
[0m2021.12.20 22:15:21 INFO  skipping build import with status 'Installed'[0m
[0m[32m[D][0m Loading workspace settings from bloop.settings.json
[0m[32m[D][0m Waiting for a connection at local:///tmp/bsp-launcher2651513679148453016/bsp.socket...
The server is listening for incoming connections at local:///tmp/bsp-launcher2651513679148453016/bsp.socket...
Starting thread that pumps stdin and redirects it to the bsp server...
Starting thread that pumps server stdout and redirects it to the client stdout...
[0m2021.12.20 22:15:22 INFO  tracing is disabled for protocol BSP, to enable tracing of incoming and outgoing JSON messages create an empty file at /home/han/.cache/metals/bsp.trace.json[0m
[0m2021.12.20 22:15:22 INFO  Attempting to connect to the build server...[0m
Starting the bsp launcher for bloop...
Opening a bsp server connection with 'bsp --protocol local --socket /tmp/bsp-launcher2790856386923695351/bsp.socket'...
Waiting for the bsp connection to come up...
[0m[32m[D][0m Loading workspace settings from bloop.settings.json
[0m[32m[D][0m Waiting for a connection at local:///tmp/bsp-launcher2790856386923695351/bsp.socket...
The server is listening for incoming connections at local:///tmp/bsp-launcher2790856386923695351/bsp.socket...
Starting thread that pumps stdin and redirects it to the bsp server...
Starting thread that pumps server stdout and redirects it to the client stdout...
[0m2021.12.20 22:15:22 INFO  tracing is disabled for protocol BSP, to enable tracing of incoming and outgoing JSON messages create an empty file at /home/han/.cache/metals/bsp.trace.json[0m
[0m2021.12.20 22:15:22 INFO  time: Connected to build server in 0.45s[0m
[0m2021.12.20 22:15:22 INFO  Connected to Build server: Bloop v1.4.11[0m
[0m2021.12.20 22:15:23 WARN  Could not find java sources in None. Java symbols will not be available.[0m
[0m2021.12.20 22:15:23 INFO  time: indexed workspace in 1.31s[0m
[0m2021.12.20 22:15:24 INFO  no build target: using presentation compiler with only scala-library: 2.12.14[0m
[0m2021.12.20 22:16:18 INFO  compiling lnsparkch4 (1 scala source)[0m
[0m2021.12.20 22:16:18 INFO  time: compiled lnsparkch4 in 0.59s[0m
[0m2021.12.20 22:20:02 INFO  compiling lnsparkch4 (1 scala source)[0m
[0m2021.12.20 22:20:02 INFO  time: compiled lnsparkch4 in 0.6s[0m
[0m2021.12.20 22:20:31 INFO  compiling lnsparkch4 (1 scala source)[0m
[0m2021.12.20 22:20:31 INFO  time: compiled lnsparkch4 in 0.61s[0m
[0m2021.12.20 22:21:20 INFO  compiling lnsparkch4 (1 scala source)[0m
[0m2021.12.20 22:21:20 INFO  time: compiled lnsparkch4 in 0.57s[0m
[0m2021.12.20 22:22:00 INFO  compiling lnsparkch4 (1 scala source)[0m
[0m2021.12.20 22:22:00 INFO  time: compiled lnsparkch4 in 0.58s[0m
[0m2021.12.20 22:22:32 INFO  compiling lnsparkch4 (1 scala source)[0m
[0m2021.12.20 22:22:32 INFO  time: compiled lnsparkch4 in 0.59s[0m
Dec 20, 2021 10:23:47 PM org.eclipse.lsp4j.jsonrpc.RemoteEndpoint handleCancellation
WARNING: Unmatched cancel notification for request id 872
Dec 20, 2021 10:23:47 PM org.eclipse.lsp4j.jsonrpc.RemoteEndpoint handleCancellation
WARNING: Unmatched cancel notification for request id 874
[0m2021.12.20 22:24:26 INFO  compiling lnsparkch4 (1 scala source)[0m
[0m2021.12.20 22:24:26 INFO  time: compiled lnsparkch4 in 0.57s[0m
Dec 20, 2021 10:25:44 PM org.eclipse.lsp4j.jsonrpc.RemoteEndpoint handleCancellation
WARNING: Unmatched cancel notification for request id 1446
Dec 20, 2021 10:26:16 PM org.eclipse.lsp4j.jsonrpc.RemoteEndpoint handleCancellation
WARNING: Unmatched cancel notification for request id 1569
[0m2021.12.20 22:26:18 INFO  compiling lnsparkch4 (1 scala source)[0m
[0m2021.12.20 22:26:18 INFO  time: compiled lnsparkch4 in 0.56s[0m
Dec 20, 2021 10:26:52 PM org.eclipse.lsp4j.jsonrpc.RemoteEndpoint handleCancellation
WARNING: Unmatched cancel notification for request id 1682
[0m2021.12.20 22:26:55 INFO  compiling lnsparkch4 (1 scala source)[0m
[0m2021.12.20 22:26:55 INFO  time: compiled lnsparkch4 in 0.58s[0m
Dec 20, 2021 10:27:05 PM org.eclipse.lsp4j.jsonrpc.RemoteEndpoint handleCancellation
WARNING: Unmatched cancel notification for request id 1720
Exception in thread "pool-4-thread-1" java.lang.Error: java.lang.InterruptedException
	at java.util.concurrent.ThreadPoolExecutor.runWorker(ThreadPoolExecutor.java:1155)
	at java.util.concurrent.ThreadPoolExecutor$Worker.run(ThreadPoolExecutor.java:624)
	at java.lang.Thread.run(Thread.java:748)
Caused by: java.lang.InterruptedException
	at scala.meta.internal.metals.FutureCancelToken.checkCanceled(FutureCancelToken.scala:29)
	at scala.meta.internal.pc.CompilerAccess.$anonfun$onCompilerJobQueue$1(CompilerAccess.scala:195)
	at scala.meta.internal.pc.CompilerJobQueue$Job.run(CompilerJobQueue.scala:139)
	at java.util.concurrent.ThreadPoolExecutor.runWorker(ThreadPoolExecutor.java:1149)
	... 2 more
Dec 20, 2021 10:27:05 PM org.eclipse.lsp4j.jsonrpc.RemoteEndpoint handleCancellation
WARNING: Unmatched cancel notification for request id 1725
[0m2021.12.20 22:27:47 INFO  compiling lnsparkch4 (1 scala source)[0m
[0m2021.12.20 22:27:47 INFO  time: compiled lnsparkch4 in 0.59s[0m
[0m2021.12.20 22:28:37 INFO  compiling lnsparkch4 (1 scala source)[0m
[0m2021.12.20 22:28:37 INFO  time: compiled lnsparkch4 in 0.16s[0m
[0m2021.12.20 22:28:42 INFO  compiling lnsparkch4 (1 scala source)[0m
[0m2021.12.20 22:28:42 INFO  time: compiled lnsparkch4 in 0.13s[0m
[0m2021.12.20 22:29:26 INFO  compiling lnsparkch4 (1 scala source)[0m
[0m2021.12.20 22:29:26 INFO  time: compiled lnsparkch4 in 0.57s[0m
[0m2021.12.20 22:29:53 INFO  compiling lnsparkch4 (1 scala source)[0m
[0m2021.12.20 22:29:53 INFO  time: compiled lnsparkch4 in 0.13s[0m
[0m2021.12.20 22:30:06 INFO  /home/han/LNSparkCh4/src/main/scala/flightdelay.scala:30:3: stale bloop error: value desc is not a member of org.apache.spark.sql.Dataset[org.apache.spark.sql.Row]
  csvfile.select("distance", "origin", "destination").where($"distance" > 1000).orderBy("distance").desc()
  ^^^^^^^^^^^^^^^^^^^^^^^^^^^^^^^^^^^^^^^^^^^^^^^^^^^^^^^^^^^^^^^^^^^^^^^^^^^^^^^^^^^^^^^^^^^^^^^^^^^^^^[0m
[0m2021.12.20 22:30:06 INFO  /home/han/LNSparkCh4/src/main/scala/flightdelay.scala:30:3: stale bloop error: value desc is not a member of org.apache.spark.sql.Dataset[org.apache.spark.sql.Row]
  csvfile.select("distance", "origin", "destination").where($"distance" > 1000).orderBy("distance").desc()
  ^^^^^^^^^^^^^^^^^^^^^^^^^^^^^^^^^^^^^^^^^^^^^^^^^^^^^^^^^^^^^^^^^^^^^^^^^^^^^^^^^^^^^^^^^^^^^^^^^^^^^^[0m
[0m2021.12.20 22:30:06 INFO  /home/han/LNSparkCh4/src/main/scala/flightdelay.scala:30:3: stale bloop error: value desc is not a member of org.apache.spark.sql.Dataset[org.apache.spark.sql.Row]
  csvfile.select("distance", "origin", "destination").where($"distance" > 1000).orderBy("distance").desc()
  ^^^^^^^^^^^^^^^^^^^^^^^^^^^^^^^^^^^^^^^^^^^^^^^^^^^^^^^^^^^^^^^^^^^^^^^^^^^^^^^^^^^^^^^^^^^^^^^^^^^^^^[0m
[0m2021.12.20 22:30:07 INFO  /home/han/LNSparkCh4/src/main/scala/flightdelay.scala:30:3: stale bloop error: value desc is not a member of org.apache.spark.sql.Dataset[org.apache.spark.sql.Row]
  csvfile.select("distance", "origin", "destination").where($"distance" > 1000).orderBy("distance").desc()
  ^^^^^^^^^^^^^^^^^^^^^^^^^^^^^^^^^^^^^^^^^^^^^^^^^^^^^^^^^^^^^^^^^^^^^^^^^^^^^^^^^^^^^^^^^^^^^^^^^^^^^^[0m
[0m2021.12.20 22:30:07 INFO  /home/han/LNSparkCh4/src/main/scala/flightdelay.scala:30:3: stale bloop error: value desc is not a member of org.apache.spark.sql.Dataset[org.apache.spark.sql.Row]
  csvfile.select("distance", "origin", "destination").where($"distance" > 1000).orderBy("distance").desc()
  ^^^^^^^^^^^^^^^^^^^^^^^^^^^^^^^^^^^^^^^^^^^^^^^^^^^^^^^^^^^^^^^^^^^^^^^^^^^^^^^^^^^^^^^^^^^^^^^^^^^^^^[0m
[0m2021.12.20 22:30:07 INFO  /home/han/LNSparkCh4/src/main/scala/flightdelay.scala:30:3: stale bloop error: value desc is not a member of org.apache.spark.sql.Dataset[org.apache.spark.sql.Row]
  csvfile.select("distance", "origin", "destination").where($"distance" > 1000).orderBy("distance").desc()
  ^^^^^^^^^^^^^^^^^^^^^^^^^^^^^^^^^^^^^^^^^^^^^^^^^^^^^^^^^^^^^^^^^^^^^^^^^^^^^^^^^^^^^^^^^^^^^^^^^^^^^^[0m
[0m2021.12.20 22:30:07 INFO  /home/han/LNSparkCh4/src/main/scala/flightdelay.scala:30:3: stale bloop error: value desc is not a member of org.apache.spark.sql.Dataset[org.apache.spark.sql.Row]
  csvfile.select("distance", "origin", "destination").where($"distance" > 1000).orderBy("distance").desc()
  ^^^^^^^^^^^^^^^^^^^^^^^^^^^^^^^^^^^^^^^^^^^^^^^^^^^^^^^^^^^^^^^^^^^^^^^^^^^^^^^^^^^^^^^^^^^^^^^^^^^^^^[0m
[0m2021.12.20 22:30:07 INFO  /home/han/LNSparkCh4/src/main/scala/flightdelay.scala:30:3: stale bloop error: value desc is not a member of org.apache.spark.sql.Dataset[org.apache.spark.sql.Row]
  csvfile.select("distance", "origin", "destination").where($"distance" > 1000).orderBy("distance").desc()
  ^^^^^^^^^^^^^^^^^^^^^^^^^^^^^^^^^^^^^^^^^^^^^^^^^^^^^^^^^^^^^^^^^^^^^^^^^^^^^^^^^^^^^^^^^^^^^^^^^^^^^^[0m
[0m2021.12.20 22:30:09 INFO  /home/han/LNSparkCh4/src/main/scala/flightdelay.scala:30:3: stale bloop error: value desc is not a member of org.apache.spark.sql.Dataset[org.apache.spark.sql.Row]
  csvfile.select("distance", "origin", "destination").where($"distance" > 1000).orderBy("distance").desc()
  ^^^^^^^^^^^^^^^^^^^^^^^^^^^^^^^^^^^^^^^^^^^^^^^^^^^^^^^^^^^^^^^^^^^^^^^^^^^^^^^^^^^^^^^^^^^^^^^^^^^^^^[0m
[0m2021.12.20 22:30:09 INFO  /home/han/LNSparkCh4/src/main/scala/flightdelay.scala:30:3: stale bloop error: value desc is not a member of org.apache.spark.sql.Dataset[org.apache.spark.sql.Row]
  csvfile.select("distance", "origin", "destination").where($"distance" > 1000).orderBy("distance").desc()
  ^^^^^^^^^^^^^^^^^^^^^^^^^^^^^^^^^^^^^^^^^^^^^^^^^^^^^^^^^^^^^^^^^^^^^^^^^^^^^^^^^^^^^^^^^^^^^^^^^^^^^^[0m
[0m2021.12.20 22:30:11 INFO  compiling lnsparkch4 (1 scala source)[0m
[0m2021.12.20 22:30:11 INFO  time: compiled lnsparkch4 in 0.62s[0m
[0m2021.12.20 22:31:29 INFO  compiling lnsparkch4 (1 scala source)[0m
[0m2021.12.20 22:31:29 INFO  time: compiled lnsparkch4 in 0.14s[0m
Dec 20, 2021 10:31:46 PM org.eclipse.lsp4j.jsonrpc.RemoteEndpoint handleCancellation
WARNING: Unmatched cancel notification for request id 2276
[0m2021.12.20 22:31:53 INFO  compiling lnsparkch4 (1 scala source)[0m
[0m2021.12.20 22:31:53 INFO  time: compiled lnsparkch4 in 0.79s[0m
[0m2021.12.20 22:32:23 INFO  compiling lnsparkch4 (1 scala source)[0m
[0m2021.12.20 22:32:23 INFO  time: compiled lnsparkch4 in 0.58s[0m
[0m2021.12.20 22:33:17 INFO  compiling lnsparkch4 (1 scala source)[0m
[0m2021.12.20 22:33:17 INFO  time: compiled lnsparkch4 in 0.63s[0m
Dec 20, 2021 10:33:29 PM org.eclipse.lsp4j.jsonrpc.RemoteEndpoint handleCancellation
WARNING: Unmatched cancel notification for request id 2470
[0m2021.12.20 22:33:42 INFO  compiling lnsparkch4 (1 scala source)[0m
[0m2021.12.20 22:33:42 INFO  time: compiled lnsparkch4 in 0.57s[0m
[0m2021.12.20 22:38:34 INFO  compiling lnsparkch4 (1 scala source)[0m
[0m2021.12.20 22:38:34 INFO  time: compiled lnsparkch4 in 0.13s[0m
[0m2021.12.20 22:38:39 INFO  /home/han/LNSparkCh4/src/main/scala/flightdelay.scala:47:22: stale bloop error: type mismatch;
 found   : Int(120)
 required: String
    .where("delay" > 120)
                     ^^^[0m
[0m2021.12.20 22:38:39 INFO  /home/han/LNSparkCh4/src/main/scala/flightdelay.scala:47:22: stale bloop error: type mismatch;
 found   : Int(120)
 required: String
    .where("delay" > 120)
                     ^^^[0m
[0m2021.12.20 22:38:43 INFO  compiling lnsparkch4 (1 scala source)[0m
[0m2021.12.20 22:38:43 INFO  time: compiled lnsparkch4 in 0.6s[0m
[0m2021.12.20 22:40:10 INFO  compiling lnsparkch4 (1 scala source)[0m
[0m2021.12.20 22:40:10 INFO  time: compiled lnsparkch4 in 0.17s[0m
[0m2021.12.20 22:40:13 INFO  compiling lnsparkch4 (1 scala source)[0m
[0m2021.12.20 22:40:13 INFO  time: compiled lnsparkch4 in 0.12s[0m
[0m2021.12.20 22:40:18 INFO  compiling lnsparkch4 (1 scala source)[0m
[0m2021.12.20 22:40:18 INFO  time: compiled lnsparkch4 in 0.13s[0m
[0m2021.12.20 22:40:32 INFO  compiling lnsparkch4 (1 scala source)[0m
[0m2021.12.20 22:40:32 INFO  time: compiled lnsparkch4 in 0.13s[0m
[0m2021.12.20 22:40:44 INFO  compiling lnsparkch4 (1 scala source)[0m
[0m2021.12.20 22:40:44 INFO  time: compiled lnsparkch4 in 0.13s[0m
[0m2021.12.20 22:40:50 INFO  compiling lnsparkch4 (1 scala source)[0m
[0m2021.12.20 22:40:50 INFO  time: compiled lnsparkch4 in 0.13s[0m
[0m2021.12.20 22:41:05 INFO  compiling lnsparkch4 (1 scala source)[0m
[0m2021.12.20 22:41:05 INFO  time: compiled lnsparkch4 in 0.16s[0m
[0m2021.12.20 22:41:14 INFO  compiling lnsparkch4 (1 scala source)[0m
[0m2021.12.20 22:41:14 INFO  time: compiled lnsparkch4 in 0.13s[0m
[0m2021.12.20 22:41:21 INFO  compiling lnsparkch4 (1 scala source)[0m
[0m2021.12.20 22:41:21 INFO  time: compiled lnsparkch4 in 0.13s[0m
[0m2021.12.20 22:41:32 INFO  compiling lnsparkch4 (1 scala source)[0m
[0m2021.12.20 22:41:32 INFO  time: compiled lnsparkch4 in 0.6s[0m
[0m2021.12.20 22:41:50 INFO  compiling lnsparkch4 (1 scala source)[0m
[0m2021.12.20 22:41:50 INFO  time: compiled lnsparkch4 in 0.65s[0m
[0m2021.12.20 22:42:18 INFO  compiling lnsparkch4 (1 scala source)[0m
[0m2021.12.20 22:42:18 INFO  time: compiled lnsparkch4 in 0.96s[0m
[0m2021.12.20 22:42:49 INFO  compiling lnsparkch4 (1 scala source)[0m
[0m2021.12.20 22:42:49 INFO  time: compiled lnsparkch4 in 0.87s[0m
[0m2021.12.20 22:43:19 INFO  compiling lnsparkch4 (1 scala source)[0m
[0m2021.12.20 22:43:19 INFO  time: compiled lnsparkch4 in 0.12s[0m
[0m2021.12.20 22:43:37 INFO  /home/han/LNSparkCh4/src/main/scala/flightdelay.scala:47:12: stale bloop error: value & is not a member of org.apache.spark.sql.Column
    .where($"delay" > 120  & "origin".equals("SFO") & "destination".equals("ORD"))
           ^^^^^^^^^^^^^^^^^[0m
[0m2021.12.20 22:43:37 INFO  /home/han/LNSparkCh4/src/main/scala/flightdelay.scala:47:12: stale bloop error: value & is not a member of org.apache.spark.sql.Column
    .where($"delay" > 120  & "origin".equals("SFO") & "destination".equals("ORD"))
           ^^^^^^^^^^^^^^^^^[0m
[0m2021.12.20 22:43:40 INFO  compiling lnsparkch4 (1 scala source)[0m
[0m2021.12.20 22:43:40 INFO  time: compiled lnsparkch4 in 0.12s[0m
[0m2021.12.20 22:44:06 INFO  compiling lnsparkch4 (1 scala source)[0m
[0m2021.12.20 22:44:06 INFO  time: compiled lnsparkch4 in 0.12s[0m
[0m2021.12.20 22:44:28 INFO  compiling lnsparkch4 (1 scala source)[0m
[0m2021.12.20 22:44:28 INFO  time: compiled lnsparkch4 in 0.14s[0m
[0m2021.12.20 22:45:13 INFO  compiling lnsparkch4 (1 scala source)[0m
[0m2021.12.20 22:45:13 INFO  time: compiled lnsparkch4 in 0.12s[0m
[0m2021.12.20 22:45:19 INFO  compiling lnsparkch4 (1 scala source)[0m
[0m2021.12.20 22:45:19 INFO  time: compiled lnsparkch4 in 0.12s[0m
[0m2021.12.20 22:45:30 INFO  compiling lnsparkch4 (1 scala source)[0m
[0m2021.12.20 22:45:30 INFO  time: compiled lnsparkch4 in 0.15s[0m
[0m2021.12.20 22:45:35 INFO  compiling lnsparkch4 (1 scala source)[0m
[0m2021.12.20 22:45:35 INFO  time: compiled lnsparkch4 in 0.55s[0m
[0m2021.12.20 22:45:40 INFO  compiling lnsparkch4 (1 scala source)[0m
[0m2021.12.20 22:45:40 INFO  time: compiled lnsparkch4 in 0.14s[0m
[0m2021.12.20 22:46:08 INFO  compiling lnsparkch4 (1 scala source)[0m
[0m2021.12.20 22:46:08 INFO  time: compiled lnsparkch4 in 0.13s[0m
[0m2021.12.20 22:46:18 INFO  compiling lnsparkch4 (1 scala source)[0m
[0m2021.12.20 22:46:18 INFO  time: compiled lnsparkch4 in 0.13s[0m
[0m2021.12.20 22:46:20 INFO  compiling lnsparkch4 (1 scala source)[0m
[0m2021.12.20 22:46:20 INFO  time: compiled lnsparkch4 in 0.12s[0m
[0m2021.12.20 22:46:20 INFO  compiling lnsparkch4 (1 scala source)[0m
[0m2021.12.20 22:46:20 INFO  time: compiled lnsparkch4 in 60ms[0m
[0m2021.12.20 22:46:28 INFO  compiling lnsparkch4 (1 scala source)[0m
[0m2021.12.20 22:46:28 INFO  time: compiled lnsparkch4 in 0.14s[0m
[0m2021.12.20 22:46:36 INFO  compiling lnsparkch4 (1 scala source)[0m
[0m2021.12.20 22:46:36 INFO  time: compiled lnsparkch4 in 0.12s[0m
[0m2021.12.20 22:46:50 INFO  compiling lnsparkch4 (1 scala source)[0m
[0m2021.12.20 22:46:50 INFO  time: compiled lnsparkch4 in 0.13s[0m
[0m2021.12.20 22:46:54 INFO  compiling lnsparkch4 (1 scala source)[0m
[0m2021.12.20 22:46:54 INFO  time: compiled lnsparkch4 in 0.13s[0m
[0m2021.12.20 22:47:07 INFO  compiling lnsparkch4 (1 scala source)[0m
[0m2021.12.20 22:47:07 INFO  time: compiled lnsparkch4 in 89ms[0m
[0m2021.12.20 22:47:18 INFO  compiling lnsparkch4 (1 scala source)[0m
[0m2021.12.20 22:47:18 INFO  time: compiled lnsparkch4 in 0.12s[0m
[0m2021.12.20 22:47:23 INFO  compiling lnsparkch4 (1 scala source)[0m
[0m2021.12.20 22:47:23 INFO  time: compiled lnsparkch4 in 0.13s[0m
[0m2021.12.20 22:47:31 INFO  compiling lnsparkch4 (1 scala source)[0m
[0m2021.12.20 22:47:31 INFO  time: compiled lnsparkch4 in 0.13s[0m
Dec 20, 2021 10:48:38 PM scala.meta.internal.pc.completions.Completions completionPosition
SEVERE: null
java.lang.NullPointerException
	at scala.meta.internal.pc.MetalsGlobal.metalsSeenFromType(MetalsGlobal.scala:754)
	at scala.meta.internal.pc.completions.MatchCaseCompletions$CaseKeywordCompletion.<init>(MatchCaseCompletions.scala:51)
	at scala.meta.internal.pc.completions.Completions.fromIdentApply$1(Completions.scala:430)
	at scala.meta.internal.pc.completions.Completions.completionPositionUnsafe(Completions.scala:450)
	at scala.meta.internal.pc.completions.Completions.completionPositionUnsafe$(Completions.scala:415)
	at scala.meta.internal.pc.MetalsGlobal.completionPositionUnsafe(MetalsGlobal.scala:30)
	at scala.meta.internal.pc.completions.Completions.completionPosition(Completions.scala:407)
	at scala.meta.internal.pc.completions.Completions.completionPosition$(Completions.scala:390)
	at scala.meta.internal.pc.MetalsGlobal.completionPosition(MetalsGlobal.scala:30)
	at scala.meta.internal.pc.CompletionProvider.safeCompletionsAt(CompletionProvider.scala:458)
	at scala.meta.internal.pc.CompletionProvider.completions(CompletionProvider.scala:58)
	at scala.meta.internal.pc.ScalaPresentationCompiler.$anonfun$complete$1(ScalaPresentationCompiler.scala:125)
	at scala.meta.internal.pc.CompilerAccess.withSharedCompiler(CompilerAccess.scala:137)
	at scala.meta.internal.pc.CompilerAccess.$anonfun$withInterruptableCompiler$1(CompilerAccess.scala:87)
	at scala.meta.internal.pc.CompilerAccess.$anonfun$onCompilerJobQueue$1(CompilerAccess.scala:197)
	at scala.meta.internal.pc.CompilerJobQueue$Job.run(CompilerJobQueue.scala:139)
	at java.util.concurrent.ThreadPoolExecutor.runWorker(ThreadPoolExecutor.java:1149)
	at java.util.concurrent.ThreadPoolExecutor$Worker.run(ThreadPoolExecutor.java:624)
	at java.lang.Thread.run(Thread.java:748)

Dec 20, 2021 10:48:48 PM org.eclipse.lsp4j.jsonrpc.RemoteEndpoint handleCancellation
WARNING: Unmatched cancel notification for request id 4349
[0m2021.12.20 22:48:53 INFO  compiling lnsparkch4 (1 scala source)[0m
[0m2021.12.20 22:48:53 INFO  time: compiled lnsparkch4 in 0.12s[0m
[0m2021.12.20 22:50:16 INFO  compiling lnsparkch4 (1 scala source)[0m
[0m2021.12.20 22:50:16 INFO  time: compiled lnsparkch4 in 0.13s[0m
[0m2021.12.20 22:50:41 INFO  compiling lnsparkch4 (1 scala source)[0m
[0m2021.12.20 22:50:41 INFO  time: compiled lnsparkch4 in 0.14s[0m
[0m2021.12.20 22:51:24 INFO  compiling lnsparkch4 (1 scala source)[0m
[0m2021.12.20 22:51:24 INFO  time: compiled lnsparkch4 in 93ms[0m
[0m2021.12.20 22:51:39 INFO  compiling lnsparkch4 (1 scala source)[0m
[0m2021.12.20 22:51:39 INFO  time: compiled lnsparkch4 in 89ms[0m
[0m2021.12.20 22:51:43 INFO  compiling lnsparkch4 (1 scala source)[0m
[0m2021.12.20 22:51:43 INFO  time: compiled lnsparkch4 in 0.11s[0m
[0m2021.12.20 22:52:25 INFO  compiling lnsparkch4 (1 scala source)[0m
[0m2021.12.20 22:52:25 INFO  time: compiled lnsparkch4 in 0.11s[0m
[0m2021.12.20 22:52:45 INFO  compiling lnsparkch4 (1 scala source)[0m
[0m2021.12.20 22:52:45 INFO  time: compiled lnsparkch4 in 0.11s[0m
[0m2021.12.20 22:52:45 INFO  compiling lnsparkch4 (1 scala source)[0m
[0m2021.12.20 22:52:45 INFO  time: compiled lnsparkch4 in 43ms[0m
[0m2021.12.20 22:52:58 INFO  compiling lnsparkch4 (1 scala source)[0m
[0m2021.12.20 22:52:58 INFO  time: compiled lnsparkch4 in 0.11s[0m
[0m2021.12.20 22:53:28 INFO  compiling lnsparkch4 (1 scala source)[0m
[0m2021.12.20 22:53:28 INFO  time: compiled lnsparkch4 in 0.12s[0m
[0m2021.12.20 22:53:37 INFO  compiling lnsparkch4 (1 scala source)[0m
[0m2021.12.20 22:53:37 INFO  time: compiled lnsparkch4 in 0.12s[0m
[0m2021.12.20 22:53:42 INFO  compiling lnsparkch4 (1 scala source)[0m
[0m2021.12.20 22:53:42 INFO  time: compiled lnsparkch4 in 0.11s[0m
[0m2021.12.20 22:53:44 INFO  compiling lnsparkch4 (1 scala source)[0m
[0m2021.12.20 22:53:44 INFO  time: compiled lnsparkch4 in 0.13s[0m
[0m2021.12.20 22:53:44 INFO  compiling lnsparkch4 (1 scala source)[0m
[0m2021.12.20 22:53:45 INFO  time: compiled lnsparkch4 in 41ms[0m
[0m2021.12.20 22:53:51 INFO  compiling lnsparkch4 (1 scala source)[0m
[0m2021.12.20 22:53:51 INFO  time: compiled lnsparkch4 in 0.12s[0m
[0m2021.12.20 22:54:00 INFO  compiling lnsparkch4 (1 scala source)[0m
[0m2021.12.20 22:54:00 INFO  time: compiled lnsparkch4 in 0.11s[0m
[0m2021.12.20 22:54:07 INFO  compiling lnsparkch4 (1 scala source)[0m
[0m2021.12.20 22:54:07 INFO  time: compiled lnsparkch4 in 0.11s[0m
[0m2021.12.20 22:54:28 INFO  compiling lnsparkch4 (1 scala source)[0m
[0m2021.12.20 22:54:28 INFO  time: compiled lnsparkch4 in 0.55s[0m
[0m2021.12.20 22:55:28 INFO  compiling lnsparkch4 (1 scala source)[0m
[0m2021.12.20 22:55:28 INFO  time: compiled lnsparkch4 in 0.51s[0m
Dec 20, 2021 11:00:54 PM org.eclipse.lsp4j.jsonrpc.RemoteEndpoint handleCancellation
WARNING: Unmatched cancel notification for request id 5182
[0m2021.12.20 23:01:15 INFO  compiling lnsparkch4 (1 scala source)[0m
[0m2021.12.20 23:01:15 INFO  time: compiled lnsparkch4 in 0.21s[0m
[0m2021.12.20 23:01:36 INFO  compiling lnsparkch4 (1 scala source)[0m
[0m2021.12.20 23:01:36 INFO  time: compiled lnsparkch4 in 0.11s[0m
[0m2021.12.20 23:01:41 INFO  /home/han/LNSparkCh4/src/main/scala/flightdelay.scala:50:38: stale bloop error: value === is not a member of String
    .where(col("delay") > 120 && col("origin"==="SFO"))
                                     ^^^^^^^^^^^[0m
[0m2021.12.20 23:01:41 INFO  /home/han/LNSparkCh4/src/main/scala/flightdelay.scala:50:38: stale bloop error: value === is not a member of String
    .where(col("delay") > 120 && col("origin"==="SFO"))
                                     ^^^^^^^^^^^[0m
[0m2021.12.20 23:01:47 INFO  compiling lnsparkch4 (1 scala source)[0m
[0m2021.12.20 23:01:47 INFO  time: compiled lnsparkch4 in 0.54s[0m
[0m2021.12.20 23:02:10 INFO  compiling lnsparkch4 (1 scala source)[0m
[0m2021.12.20 23:02:10 INFO  time: compiled lnsparkch4 in 0.5s[0m
Dec 20, 2021 11:10:24 PM org.eclipse.lsp4j.jsonrpc.RemoteEndpoint handleCancellation
WARNING: Unmatched cancel notification for request id 5590
Dec 20, 2021 11:10:24 PM org.eclipse.lsp4j.jsonrpc.RemoteEndpoint handleCancellation
WARNING: Unmatched cancel notification for request id 5591
Dec 20, 2021 11:10:24 PM org.eclipse.lsp4j.jsonrpc.RemoteEndpoint handleCancellation
WARNING: Unmatched cancel notification for request id 5593
[0m2021.12.20 23:12:04 INFO  compiling lnsparkch4 (1 scala source)[0m
[0m2021.12.20 23:12:04 INFO  time: compiled lnsparkch4 in 0.51s[0m
[0m2021.12.20 23:12:15 INFO  compiling lnsparkch4 (1 scala source)[0m
[0m2021.12.20 23:12:15 INFO  time: compiled lnsparkch4 in 0.52s[0m
[0m2021.12.20 23:13:32 INFO  compiling lnsparkch4 (1 scala source)[0m
[0m2021.12.20 23:13:32 INFO  time: compiled lnsparkch4 in 0.12s[0m
[0m2021.12.20 23:17:12 INFO  compiling lnsparkch4 (1 scala source)[0m
[0m2021.12.20 23:17:12 INFO  time: compiled lnsparkch4 in 0.11s[0m
[0m2021.12.20 23:17:34 INFO  /home/han/LNSparkCh4/src/main/scala/flightdelay.scala:54:56: stale bloop error: value as is not a member of String
  val covertoString = csvfile.withColumn("stringDate", "date".as)
                                                       ^^^^^^^^^[0m
[0m2021.12.20 23:17:34 INFO  /home/han/LNSparkCh4/src/main/scala/flightdelay.scala:54:56: stale bloop error: value as is not a member of String
  val covertoString = csvfile.withColumn("stringDate", "date".as)
                                                       ^^^^^^^^^[0m
[0m2021.12.20 23:18:08 INFO  compiling lnsparkch4 (1 scala source)[0m
[0m2021.12.20 23:18:08 INFO  time: compiled lnsparkch4 in 0.11s[0m
[0m2021.12.20 23:18:38 INFO  compiling lnsparkch4 (1 scala source)[0m
[0m2021.12.20 23:18:38 INFO  time: compiled lnsparkch4 in 0.55s[0m
[0m2021.12.20 23:18:47 INFO  compiling lnsparkch4 (1 scala source)[0m
[0m2021.12.20 23:18:47 INFO  time: compiled lnsparkch4 in 0.55s[0m
Dec 20, 2021 11:19:00 PM org.eclipse.lsp4j.jsonrpc.RemoteEndpoint handleCancellation
WARNING: Unmatched cancel notification for request id 6706
[0m2021.12.20 23:19:02 INFO  compiling lnsparkch4 (1 scala source)[0m
[0m2021.12.20 23:19:02 INFO  time: compiled lnsparkch4 in 0.54s[0m
[0m2021.12.20 23:19:59 INFO  compiling lnsparkch4 (1 scala source)[0m
[0m2021.12.20 23:19:59 INFO  time: compiled lnsparkch4 in 0.54s[0m
Dec 20, 2021 11:21:03 PM org.eclipse.lsp4j.jsonrpc.RemoteEndpoint handleCancellation
WARNING: Unmatched cancel notification for request id 7046
[0m2021.12.20 23:21:07 INFO  compiling lnsparkch4 (1 scala source)[0m
[0m2021.12.20 23:21:07 INFO  time: compiled lnsparkch4 in 0.56s[0m
[0m2021.12.20 23:21:55 INFO  compiling lnsparkch4 (1 scala source)[0m
[0m2021.12.20 23:21:55 INFO  time: compiled lnsparkch4 in 0.55s[0m
[0m2021.12.20 23:22:30 INFO  compiling lnsparkch4 (1 scala source)[0m
[0m2021.12.20 23:22:30 INFO  time: compiled lnsparkch4 in 0.56s[0m
[0m2021.12.20 23:22:34 INFO  compiling lnsparkch4 (1 scala source)[0m
[0m2021.12.20 23:22:34 INFO  time: compiled lnsparkch4 in 0.62s[0m
[0m2021.12.20 23:25:42 INFO  compiling lnsparkch4 (1 scala source)[0m
[0m2021.12.20 23:25:42 INFO  time: compiled lnsparkch4 in 0.55s[0m
[0m2021.12.20 23:27:03 INFO  compiling lnsparkch4 (1 scala source)[0m
[0m2021.12.20 23:27:03 INFO  time: compiled lnsparkch4 in 0.56s[0m
[0m2021.12.20 23:27:11 INFO  compiling lnsparkch4 (1 scala source)[0m
[0m2021.12.20 23:27:11 INFO  time: compiled lnsparkch4 in 0.58s[0m
[0m2021.12.20 23:27:32 INFO  compiling lnsparkch4 (1 scala source)[0m
[0m2021.12.20 23:27:32 INFO  time: compiled lnsparkch4 in 0.57s[0m
[0m2021.12.20 23:30:39 INFO  compiling lnsparkch4 (1 scala source)[0m
[0m2021.12.20 23:30:39 INFO  time: compiled lnsparkch4 in 0.57s[0m
[0m2021.12.20 23:31:38 INFO  compiling lnsparkch4 (1 scala source)[0m
[0m2021.12.20 23:31:38 INFO  time: compiled lnsparkch4 in 0.57s[0m
[0m2021.12.20 23:31:42 INFO  compiling lnsparkch4 (1 scala source)[0m
[0m2021.12.20 23:31:42 INFO  time: compiled lnsparkch4 in 0.55s[0m
Dec 20, 2021 11:33:35 PM org.eclipse.lsp4j.jsonrpc.RemoteEndpoint handleCancellation
WARNING: Unmatched cancel notification for request id 7584
Dec 20, 2021 11:34:59 PM org.eclipse.lsp4j.jsonrpc.RemoteEndpoint handleCancellation
WARNING: Unmatched cancel notification for request id 7746
[0m2021.12.20 23:35:28 INFO  compiling lnsparkch4 (1 scala source)[0m
[0m2021.12.20 23:35:28 INFO  time: compiled lnsparkch4 in 0.12s[0m
[0m2021.12.20 23:35:36 INFO  compiling lnsparkch4 (1 scala source)[0m
[0m2021.12.20 23:35:36 INFO  time: compiled lnsparkch4 in 0.14s[0m
[0m2021.12.20 23:35:39 INFO  compiling lnsparkch4 (1 scala source)[0m
[0m2021.12.20 23:35:39 INFO  time: compiled lnsparkch4 in 0.58s[0m
[0m2021.12.20 23:35:52 INFO  compiling lnsparkch4 (1 scala source)[0m
[0m2021.12.20 23:35:52 INFO  time: compiled lnsparkch4 in 0.59s[0m
[0m2021.12.20 23:38:11 INFO  compiling lnsparkch4 (1 scala source)[0m
[0m2021.12.20 23:38:11 INFO  time: compiled lnsparkch4 in 0.6s[0m
[0m2021.12.20 23:39:08 INFO  compiling lnsparkch4 (1 scala source)[0m
[0m2021.12.20 23:39:08 INFO  time: compiled lnsparkch4 in 0.59s[0m
Dec 20, 2021 11:39:29 PM org.eclipse.lsp4j.jsonrpc.RemoteEndpoint handleCancellation
WARNING: Unmatched cancel notification for request id 8273
[0m2021.12.20 23:39:44 INFO  compiling lnsparkch4 (1 scala source)[0m
[0m2021.12.20 23:39:44 INFO  time: compiled lnsparkch4 in 0.56s[0m
[0m2021.12.20 23:43:19 INFO  compiling lnsparkch4 (1 scala source)[0m
[0m2021.12.20 23:43:19 INFO  time: compiled lnsparkch4 in 0.15s[0m
Dec 20, 2021 11:43:35 PM org.eclipse.lsp4j.jsonrpc.RemoteEndpoint handleCancellation
WARNING: Unmatched cancel notification for request id 8442
Dec 20, 2021 11:43:35 PM org.eclipse.lsp4j.jsonrpc.RemoteEndpoint handleCancellation
WARNING: Unmatched cancel notification for request id 8445
Dec 20, 2021 11:43:35 PM org.eclipse.lsp4j.jsonrpc.RemoteEndpoint handleCancellation
WARNING: Unmatched cancel notification for request id 8447
[0m2021.12.20 23:43:39 INFO  compiling lnsparkch4 (1 scala source)[0m
[0m2021.12.20 23:43:39 INFO  time: compiled lnsparkch4 in 0.58s[0m
[0m2021.12.20 23:43:45 INFO  compiling lnsparkch4 (1 scala source)[0m
[0m2021.12.20 23:43:45 INFO  time: compiled lnsparkch4 in 0.58s[0m
[0m2021.12.20 23:44:05 INFO  compiling lnsparkch4 (1 scala source)[0m
[0m2021.12.20 23:44:05 INFO  time: compiled lnsparkch4 in 0.62s[0m
[0m2021.12.20 23:46:32 INFO  compiling lnsparkch4 (1 scala source)[0m
[0m2021.12.20 23:46:32 INFO  time: compiled lnsparkch4 in 0.59s[0m
[0m2021.12.20 23:48:00 INFO  compiling lnsparkch4 (1 scala source)[0m
[0m2021.12.20 23:48:00 INFO  time: compiled lnsparkch4 in 0.12s[0m
[0m2021.12.20 23:48:13 INFO  compiling lnsparkch4 (1 scala source)[0m
[0m2021.12.20 23:48:13 INFO  time: compiled lnsparkch4 in 0.73s[0m
[0m2021.12.20 23:48:24 INFO  compiling lnsparkch4 (1 scala source)[0m
[0m2021.12.20 23:48:24 INFO  time: compiled lnsparkch4 in 0.66s[0m
[0m2021.12.20 23:49:58 INFO  compiling lnsparkch4 (1 scala source)[0m
[0m2021.12.20 23:49:58 INFO  time: compiled lnsparkch4 in 0.13s[0m
[0m2021.12.20 23:50:24 INFO  compiling lnsparkch4 (1 scala source)[0m
[0m2021.12.20 23:50:24 INFO  time: compiled lnsparkch4 in 0.16s[0m
[0m2021.12.20 23:50:26 INFO  compiling lnsparkch4 (1 scala source)[0m
[0m2021.12.20 23:50:26 INFO  time: compiled lnsparkch4 in 0.12s[0m
[0m2021.12.20 23:50:45 INFO  compiling lnsparkch4 (1 scala source)[0m
[0m2021.12.20 23:50:45 INFO  time: compiled lnsparkch4 in 0.12s[0m
Dec 20, 2021 11:51:02 PM org.eclipse.lsp4j.jsonrpc.RemoteEndpoint handleCancellation
WARNING: Unmatched cancel notification for request id 9228
Dec 20, 2021 11:51:02 PM org.eclipse.lsp4j.jsonrpc.RemoteEndpoint handleCancellation
WARNING: Unmatched cancel notification for request id 9230
[0m2021.12.20 23:51:02 INFO  compiling lnsparkch4 (1 scala source)[0m
[0m2021.12.20 23:51:02 INFO  time: compiled lnsparkch4 in 0.12s[0m
[0m2021.12.20 23:51:03 INFO  compiling lnsparkch4 (1 scala source)[0m
[0m2021.12.20 23:51:03 INFO  time: compiled lnsparkch4 in 0.15s[0m
[0m2021.12.20 23:51:17 INFO  compiling lnsparkch4 (1 scala source)[0m
[0m2021.12.20 23:51:17 INFO  time: compiled lnsparkch4 in 0.67s[0m
[0m2021.12.20 23:51:21 INFO  compiling lnsparkch4 (1 scala source)[0m
[0m2021.12.20 23:51:21 INFO  time: compiled lnsparkch4 in 0.67s[0m
[0m2021.12.20 23:52:00 INFO  compiling lnsparkch4 (1 scala source)[0m
[0m2021.12.20 23:52:00 INFO  time: compiled lnsparkch4 in 0.7s[0m
[0m2021.12.20 23:52:23 INFO  compiling lnsparkch4 (1 scala source)[0m
[0m2021.12.20 23:52:23 INFO  time: compiled lnsparkch4 in 0.66s[0m
[0m2021.12.20 23:52:30 INFO  compiling lnsparkch4 (1 scala source)[0m
[0m2021.12.20 23:52:30 INFO  time: compiled lnsparkch4 in 0.12s[0m
[0m2021.12.20 23:52:33 INFO  compiling lnsparkch4 (1 scala source)[0m
[0m2021.12.20 23:52:33 INFO  time: compiled lnsparkch4 in 0.7s[0m
[0m2021.12.20 23:53:44 INFO  compiling lnsparkch4 (1 scala source)[0m
[0m2021.12.20 23:53:44 INFO  time: compiled lnsparkch4 in 0.67s[0m
[0m2021.12.20 23:54:11 INFO  compiling lnsparkch4 (1 scala source)[0m
[0m2021.12.20 23:54:11 INFO  time: compiled lnsparkch4 in 0.7s[0m
[0m2021.12.20 23:54:44 INFO  compiling lnsparkch4 (1 scala source)[0m
[0m2021.12.20 23:54:44 INFO  time: compiled lnsparkch4 in 0.14s[0m
Dec 20, 2021 11:54:56 PM org.eclipse.lsp4j.jsonrpc.RemoteEndpoint handleCancellation
WARNING: Unmatched cancel notification for request id 9513
[0m2021.12.20 23:54:58 INFO  compiling lnsparkch4 (1 scala source)[0m
[0m2021.12.20 23:54:58 INFO  time: compiled lnsparkch4 in 0.12s[0m
[0m2021.12.20 23:55:24 INFO  compiling lnsparkch4 (1 scala source)[0m
[0m2021.12.20 23:55:24 INFO  time: compiled lnsparkch4 in 0.12s[0m
[0m2021.12.20 23:55:43 INFO  compiling lnsparkch4 (1 scala source)[0m
[0m2021.12.20 23:55:43 INFO  time: compiled lnsparkch4 in 0.14s[0m
[0m2021.12.20 23:55:57 INFO  compiling lnsparkch4 (1 scala source)[0m
[0m2021.12.20 23:55:57 INFO  time: compiled lnsparkch4 in 0.12s[0m
Dec 20, 2021 11:56:05 PM org.eclipse.lsp4j.jsonrpc.RemoteEndpoint handleCancellation
WARNING: Unmatched cancel notification for request id 9633
[0m2021.12.20 23:56:09 INFO  compiling lnsparkch4 (1 scala source)[0m
[0m2021.12.20 23:56:09 INFO  time: compiled lnsparkch4 in 0.59s[0m
Dec 20, 2021 11:58:06 PM org.eclipse.lsp4j.jsonrpc.RemoteEndpoint handleCancellation
WARNING: Unmatched cancel notification for request id 9706
[0m2021.12.20 23:58:10 INFO  compiling lnsparkch4 (1 scala source)[0m
[0m2021.12.20 23:58:11 INFO  time: compiled lnsparkch4 in 1.02s[0m
[0m2021.12.20 23:58:32 INFO  compiling lnsparkch4 (1 scala source)[0m
[0m2021.12.20 23:58:32 INFO  time: compiled lnsparkch4 in 0.12s[0m
[0m2021.12.20 23:58:44 INFO  compiling lnsparkch4 (1 scala source)[0m
[0m2021.12.20 23:58:45 INFO  time: compiled lnsparkch4 in 1.13s[0m
[0m2021.12.20 23:58:57 INFO  compiling lnsparkch4 (1 scala source)[0m
[0m2021.12.20 23:58:57 INFO  time: compiled lnsparkch4 in 0.56s[0m
[0m2021.12.21 00:05:07 INFO  compiling lnsparkch4 (1 scala source)[0m
[0m2021.12.21 00:05:07 INFO  time: compiled lnsparkch4 in 0.55s[0m
Dec 21, 2021 12:10:56 AM org.eclipse.lsp4j.jsonrpc.services.GenericEndpoint notify
INFO: Unsupported notification method: $/setTrace
